#
# A fatal error has been detected by the Java Runtime Environment:
#
#  EXCEPTION_ACCESS_VIOLATION (0xc0000005) at pc=0x000000018008a090, pid=7264, tid=7656
#
# JRE version: Java(TM) SE Runtime Environment (7.0_65-b20) (build 1.7.0_65-b20)
# Java VM: Java HotSpot(TM) 64-Bit Server VM (24.65-b04 mixed mode windows-amd64 compressed oops)
# Problematic frame:
# C  [ig4icd64.dll+0x8a090]
#
# Failed to write core dump. Minidumps are not enabled by default on client versions of Windows
#
# If you would like to submit a bug report, please visit:
#   http://bugreport.sun.com/bugreport/crash.jsp
# The crash happened outside the Java Virtual Machine in native code.
# See problematic frame for where to report the bug.
#

---------------  T H R E A D  ---------------

Current thread (0x000000000a16e000):  JavaThread "AWT-EventQueue-0" [_thread_in_native, id=7656, stack(0x000000000e160000,0x000000000e260000)]

siginfo: ExceptionCode=0xc0000005, writing address 0x0000000000000000

Registers:
RAX=0x0000000000000001, RBX=0x000000000d2553f0, RCX=0x0000000000000000, RDX=0x0000000000000090
RSP=0x000000000e25db70, RBP=0x0000000000000001, RSI=0x0000000000000000, RDI=0x000000000b050080
R8 =0x000000000d483fd0, R9 =0x000000000d483fe0, R10=0x0000000002062b84, R11=0x0000000072822a70
R12=0x0000000000000000, R13=0x00000000be902f10, R14=0x000000000e25dc90, R15=0x000000000a16e000
RIP=0x000000018008a090, EFLAGS=0x0000000000010202

Top of Stack: (sp=0x000000000e25db70)
0x000000000e25db70:   000000000d2553f0 0000000000000000
0x000000000e25db80:   0000000000000000 00000000be902f10
0x000000000e25db90:   00000000020560f8 0000000002062bb0
0x000000000e25dba0:   00000000be902f10 000000000e25dc40
0x000000000e25dbb0:   0000000000000002 0000000000000000
0x000000000e25dbc0:   0000000000000000 0000000000000001
0x000000000e25dbd0:   0000000180030cd0 0000000000000000
0x000000000e25dbe0:   0000000000000000 0000000000000000
0x000000000e25dbf0:   000000000a16e000 000000000e25dd10
0x000000000e25dc00:   000000000e25dc00 00000000be902f10
0x000000000e25dc10:   000000000e25dc90 00000000bea21e90
0x000000000e25dc20:   0000000000000000 00000000be902f10
0x000000000e25dc30:   0000000000000000 000000000e25dc60
0x000000000e25dc40:   000000000e25dcd8 00000000020560f8
0x000000000e25dc50:   0000000000000000 000000000205f0d8
0x000000000e25dc60:   0000000180030cd0 0000000002056274 

Instructions: (pc=0x000000018008a090)
0x000000018008a070:   15 d3 71 ca 00 48 8b 8f b8 f6 00 00 8b d5 e8 fd
0x000000018008a080:   e6 ff ff 33 c9 85 ed 7e 14 0f 1f 80 00 00 00 00
0x000000018008a090:   89 04 8e 48 ff c1 ff c0 48 3b cd 7c f3 48 85 db
0x000000018008a0a0:   74 0f 48 8b 4b 18 48 85 c9 74 06 ff 15 87 70 ca 


Register to memory mapping:

RAX=0x0000000000000001 is an unknown value
RBX=0x000000000d2553f0 is an unknown value
RCX=0x0000000000000000 is an unknown value
RDX=0x0000000000000090 is an unknown value
RSP=0x000000000e25db70 is pointing into the stack for thread: 0x000000000a16e000
RBP=0x0000000000000001 is an unknown value
RSI=0x0000000000000000 is an unknown value
RDI=0x000000000b050080 is an unknown value
R8 =0x000000000d483fd0 is an unknown value
R9 =0x000000000d483fe0 is an unknown value
R10=0x0000000002062b84 is at code_begin+644 in an Interpreter codelet
method entry point (kind = native)  [0x0000000002062900, 0x00000000020631a0]  2208 bytes
R11=0x0000000072822a70 is an unknown value
R12=0x0000000000000000 is an unknown value
R13=0x00000000be902f10 is an oop
{method} 
 - klass: {other class}
R14=0x000000000e25dc90 is pointing into the stack for thread: 0x000000000a16e000
R15=0x000000000a16e000 is a thread


Stack: [0x000000000e160000,0x000000000e260000],  sp=0x000000000e25db70,  free space=1014k
Native frames: (J=compiled Java code, j=interpreted, Vv=VM code, C=native code)
C  [ig4icd64.dll+0x8a090]

Java frames: (J=compiled Java code, j=interpreted, Vv=VM code)
j  jogamp.opengl.gl4.GL4bcImpl.dispatch_glGenTextures1(ILjava/lang/Object;IZJ)V+0
j  jogamp.opengl.gl4.GL4bcImpl.glGenTextures(ILjava/nio/IntBuffer;)V+87
j  VirtualKeyboard.init(Ljavax/media/opengl/GL2;)V+27
j  GraphicsController.init(Ljavax/media/opengl/GLAutoDrawable;)V+24
j  jogamp.opengl.GLDrawableHelper.init(Ljavax/media/opengl/GLEventListener;Ljavax/media/opengl/GLAutoDrawable;ZZ)V+2
j  jogamp.opengl.GLDrawableHelper.init(Ljavax/media/opengl/GLAutoDrawable;Z)V+73
j  javax.media.opengl.awt.GLCanvas$9.run()V+26
j  jogamp.opengl.GLDrawableHelper.invokeGLImpl(Ljavax/media/opengl/GLDrawable;Ljavax/media/opengl/GLContext;Ljava/lang/Runnable;Ljava/lang/Runnable;)V+200
j  jogamp.opengl.GLDrawableHelper.invokeGL(Ljavax/media/opengl/GLDrawable;Ljavax/media/opengl/GLContext;Ljava/lang/Runnable;Ljava/lang/Runnable;)V+80
j  javax.media.opengl.awt.GLCanvas$11.run()V+73
j  java.awt.event.InvocationEvent.dispatch()V+11
j  java.awt.EventQueue.dispatchEventImpl(Ljava/awt/AWTEvent;Ljava/lang/Object;)V+21
j  java.awt.EventQueue.access$200(Ljava/awt/EventQueue;Ljava/awt/AWTEvent;Ljava/lang/Object;)V+3
j  java.awt.EventQueue$3.run()Ljava/lang/Void;+12
j  java.awt.EventQueue$3.run()Ljava/lang/Object;+1
v  ~StubRoutines::call_stub
j  java.security.AccessController.doPrivileged(Ljava/security/PrivilegedAction;Ljava/security/AccessControlContext;)Ljava/lang/Object;+0
j  java.security.ProtectionDomain$1.doIntersectionPrivilege(Ljava/security/PrivilegedAction;Ljava/security/AccessControlContext;Ljava/security/AccessControlContext;)Ljava/lang/Object;+28
j  java.awt.EventQueue.dispatchEvent(Ljava/awt/AWTEvent;)V+46
j  java.awt.EventDispatchThread.pumpOneEventForFilters(I)V+245
j  java.awt.EventDispatchThread.pumpEventsForFilter(ILjava/awt/Conditional;Ljava/awt/EventFilter;)V+35
j  java.awt.EventDispatchThread.pumpEventsForHierarchy(ILjava/awt/Conditional;Ljava/awt/Component;)V+11
j  java.awt.EventDispatchThread.pumpEvents(ILjava/awt/Conditional;)V+4
j  java.awt.EventDispatchThread.pumpEvents(Ljava/awt/Conditional;)V+3
j  java.awt.EventDispatchThread.run()V+9
v  ~StubRoutines::call_stub

---------------  P R O C E S S  ---------------

Java Threads: ( => current thread )
  0x000000000a6a3800 JavaThread "TimerQueue" daemon [_thread_blocked, id=10088, stack(0x000000000ef90000,0x000000000f090000)]
=>0x000000000a16e000 JavaThread "AWT-EventQueue-0" [_thread_in_native, id=7656, stack(0x000000000e160000,0x000000000e260000)]
  0x000000000a188000 JavaThread "AWT-Shutdown" [_thread_blocked, id=4868, stack(0x000000000b1b0000,0x000000000b2b0000)]
  0x000000000a260000 JavaThread "main-SharedResourceRunner" daemon [_thread_blocked, id=9896, stack(0x000000000be90000,0x000000000bf90000)]
  0x000000000a015000 JavaThread "AWT-Windows" daemon [_thread_in_native, id=4920, stack(0x000000000b300000,0x000000000b400000)]
  0x0000000009fe2800 JavaThread "Java2D Disposer" daemon [_thread_blocked, id=3544, stack(0x000000000af50000,0x000000000b050000)]
  0x0000000007fae000 JavaThread "Service Thread" daemon [_thread_blocked, id=3996, stack(0x0000000009c20000,0x0000000009d20000)]
  0x0000000007fad000 JavaThread "C2 CompilerThread1" daemon [_thread_blocked, id=4692, stack(0x0000000009a30000,0x0000000009b30000)]
  0x0000000007fa8000 JavaThread "C2 CompilerThread0" daemon [_thread_blocked, id=9484, stack(0x00000000097c0000,0x00000000098c0000)]
  0x0000000007fa6800 JavaThread "Attach Listener" daemon [_thread_blocked, id=9112, stack(0x00000000095d0000,0x00000000096d0000)]
  0x0000000007f9f000 JavaThread "Signal Dispatcher" daemon [_thread_blocked, id=4408, stack(0x00000000093a0000,0x00000000094a0000)]
  0x0000000007f46800 JavaThread "Finalizer" daemon [_thread_blocked, id=1728, stack(0x00000000091b0000,0x00000000092b0000)]
  0x0000000007f3f800 JavaThread "Reference Handler" daemon [_thread_blocked, id=8716, stack(0x0000000009050000,0x0000000009150000)]
  0x000000000026e000 JavaThread "main" [_thread_blocked, id=5984, stack(0x0000000001ea0000,0x0000000001fa0000)]

Other Threads:
  0x0000000007f38000 VMThread [stack: 0x0000000008f20000,0x0000000009020000] [id=9580]
  0x0000000007fb8000 WatcherThread [stack: 0x00000000098d0000,0x00000000099d0000] [id=4792]

VM state:not at safepoint (normal execution)

VM Mutex/Monitor currently owned by a thread: None

Heap
 PSYoungGen      total 34304K, used 20551K [0x00000000ebb00000, 0x00000000efe00000, 0x0000000100000000)
  eden space 31744K, 56% used [0x00000000ebb00000,0x00000000ecc956e0,0x00000000eda00000)
  from space 2560K, 99% used [0x00000000eda00000,0x00000000edc7c768,0x00000000edc80000)
  to   space 2560K, 0% used [0x00000000efb80000,0x00000000efb80000,0x00000000efe00000)
 ParOldGen       total 41472K, used 8837K [0x00000000c3200000, 0x00000000c5a80000, 0x00000000ebb00000)
  object space 41472K, 21% used [0x00000000c3200000,0x00000000c3aa14a0,0x00000000c5a80000)
 PSPermGen       total 21504K, used 18350K [0x00000000be000000, 0x00000000bf500000, 0x00000000c3200000)
  object space 21504K, 85% used [0x00000000be000000,0x00000000bf1ebbb8,0x00000000bf500000)

Card table byte_map: [0x0000000005050000,0x0000000005270000] byte_map_base: 0x0000000004a60000

Polling page: 0x0000000000110000

Code Cache  [0x0000000002050000, 0x00000000022c0000, 0x0000000005050000)
 total_blobs=922 nmethods=107 adapters=768 free_code_cache=48194Kb largest_free_block=49302848

Compilation events (10 events):
Event: 6.954 Thread 0x0000000007fa8000 nmethod 103 0x0000000002136810 code [0x00000000021369c0, 0x0000000002136c10]
Event: 6.954 Thread 0x0000000007fa8000  104             sun.java2d.loops.OpaqueCopyAnyToArgb::Blit (234 bytes)
Event: 6.978 Thread 0x0000000007fa8000 nmethod 104 0x000000000213b9d0 code [0x000000000213bbc0, 0x000000000213c6f0]
Event: 6.978 Thread 0x0000000007fa8000  105             sun.java2d.loops.OpaqueCopyArgbToAny::Blit (232 bytes)
Event: 7.004 Thread 0x0000000007fa8000 nmethod 105 0x000000000213d2d0 code [0x000000000213d4c0, 0x000000000213de70]
Event: 7.005 Thread 0x0000000007fa8000  106 %           sun.java2d.loops.OpaqueCopyArgbToAny::Blit @ 172 (232 bytes)
Event: 7.049 Thread 0x0000000007fa8000 nmethod 106% 0x000000000213eb50 code [0x000000000213ed00, 0x000000000213f6a8]
Event: 7.097 Thread 0x0000000007fad000 nmethod 96 0x0000000002144990 code [0x0000000002144f20, 0x0000000002148f60]
Event: 7.156 Thread 0x0000000007fa8000  107             sun.java2d.loops.SurfaceType::getUniqueID (5 bytes)
Event: 7.156 Thread 0x0000000007fa8000 nmethod 107 0x000000000212cf50 code [0x000000000212d080, 0x000000000212d0d8]

GC Heap History (6 events):
Event: 2.541 GC heap before
{Heap before GC invocations=1 (full 0):
 PSYoungGen      total 18432K, used 15872K [0x00000000ebb00000, 0x00000000ecf80000, 0x0000000100000000)
  eden space 15872K, 100% used [0x00000000ebb00000,0x00000000eca80000,0x00000000eca80000)
  from space 2560K, 0% used [0x00000000ecd00000,0x00000000ecd00000,0x00000000ecf80000)
  to   space 2560K, 0% used [0x00000000eca80000,0x00000000eca80000,0x00000000ecd00000)
 ParOldGen       total 41472K, used 0K [0x00000000c3200000, 0x00000000c5a80000, 0x00000000ebb00000)
  object space 41472K, 0% used [0x00000000c3200000,0x00000000c3200000,0x00000000c5a80000)
 PSPermGen       total 21504K, used 11974K [0x00000000be000000, 0x00000000bf500000, 0x00000000c3200000)
  object space 21504K, 55% used [0x00000000be000000,0x00000000bebb1960,0x00000000bf500000)
Event: 2.568 GC heap after
Heap after GC invocations=1 (full 0):
 PSYoungGen      total 18432K, used 2546K [0x00000000ebb00000, 0x00000000edf00000, 0x0000000100000000)
  eden space 15872K, 0% used [0x00000000ebb00000,0x00000000ebb00000,0x00000000eca80000)
  from space 2560K, 99% used [0x00000000eca80000,0x00000000eccfca90,0x00000000ecd00000)
  to   space 2560K, 0% used [0x00000000edc80000,0x00000000edc80000,0x00000000edf00000)
 ParOldGen       total 41472K, used 516K [0x00000000c3200000, 0x00000000c5a80000, 0x00000000ebb00000)
  object space 41472K, 1% used [0x00000000c3200000,0x00000000c32813b8,0x00000000c5a80000)
 PSPermGen       total 21504K, used 11974K [0x00000000be000000, 0x00000000bf500000, 0x00000000c3200000)
  object space 21504K, 55% used [0x00000000be000000,0x00000000bebb1960,0x00000000bf500000)
}
Event: 3.207 GC heap before
{Heap before GC invocations=2 (full 0):
 PSYoungGen      total 18432K, used 18418K [0x00000000ebb00000, 0x00000000edf00000, 0x0000000100000000)
  eden space 15872K, 100% used [0x00000000ebb00000,0x00000000eca80000,0x00000000eca80000)
  from space 2560K, 99% used [0x00000000eca80000,0x00000000eccfca90,0x00000000ecd00000)
  to   space 2560K, 0% used [0x00000000edc80000,0x00000000edc80000,0x00000000edf00000)
 ParOldGen       total 41472K, used 516K [0x00000000c3200000, 0x00000000c5a80000, 0x00000000ebb00000)
  object space 41472K, 1% used [0x00000000c3200000,0x00000000c32813b8,0x00000000c5a80000)
 PSPermGen       total 21504K, used 12064K [0x00000000be000000, 0x00000000bf500000, 0x00000000c3200000)
  object space 21504K, 56% used [0x00000000be000000,0x00000000bebc8310,0x00000000bf500000)
Event: 3.231 GC heap after
Heap after GC invocations=2 (full 0):
 PSYoungGen      total 34304K, used 2545K [0x00000000ebb00000, 0x00000000edf00000, 0x0000000100000000)
  eden space 31744K, 0% used [0x00000000ebb00000,0x00000000ebb00000,0x00000000eda00000)
  from space 2560K, 99% used [0x00000000edc80000,0x00000000edefc768,0x00000000edf00000)
  to   space 2560K, 0% used [0x00000000eda00000,0x00000000eda00000,0x00000000edc80000)
 ParOldGen       total 41472K, used 575K [0x00000000c3200000, 0x00000000c5a80000, 0x00000000ebb00000)
  object space 41472K, 1% used [0x00000000c3200000,0x00000000c328ff48,0x00000000c5a80000)
 PSPermGen       total 21504K, used 12064K [0x00000000be000000, 0x00000000bf500000, 0x00000000c3200000)
  object space 21504K, 56% used [0x00000000be000000,0x00000000bebc8310,0x00000000bf500000)
}
Event: 7.020 GC heap before
{Heap before GC invocations=3 (full 0):
 PSYoungGen      total 34304K, used 34289K [0x00000000ebb00000, 0x00000000edf00000, 0x0000000100000000)
  eden space 31744K, 100% used [0x00000000ebb00000,0x00000000eda00000,0x00000000eda00000)
  from space 2560K, 99% used [0x00000000edc80000,0x00000000edefc768,0x00000000edf00000)
  to   space 2560K, 0% used [0x00000000eda00000,0x00000000eda00000,0x00000000edc80000)
 ParOldGen       total 41472K, used 575K [0x00000000c3200000, 0x00000000c5a80000, 0x00000000ebb00000)
  object space 41472K, 1% used [0x00000000c3200000,0x00000000c328ff48,0x00000000c5a80000)
 PSPermGen       total 21504K, used 18350K [0x00000000be000000, 0x00000000bf500000, 0x00000000c3200000)
  object space 21504K, 85% used [0x00000000be000000,0x00000000bf1eb978,0x00000000bf500000)
Event: 7.048 GC heap after
Heap after GC invocations=3 (full 0):
 PSYoungGen      total 34304K, used 2545K [0x00000000ebb00000, 0x00000000efe00000, 0x0000000100000000)
  eden space 31744K, 0% used [0x00000000ebb00000,0x00000000ebb00000,0x00000000eda00000)
  from space 2560K, 99% used [0x00000000eda00000,0x00000000edc7c768,0x00000000edc80000)
  to   space 2560K, 0% used [0x00000000efb80000,0x00000000efb80000,0x00000000efe00000)
 ParOldGen       total 41472K, used 8837K [0x00000000c3200000, 0x00000000c5a80000, 0x00000000ebb00000)
  object space 41472K, 21% used [0x00000000c3200000,0x00000000c3aa14a0,0x00000000c5a80000)
 PSPermGen       total 21504K, used 18350K [0x00000000be000000, 0x00000000bf500000, 0x00000000c3200000)
  object space 21504K, 85% used [0x00000000be000000,0x00000000bf1eb978,0x00000000bf500000)
}

Deoptimization events (10 events):
Event: 1.165 Thread 0x000000000026e000 Uncommon trap: reason=class_check action=maybe_recompile pc=0x00000000020b2ec8 method=java.util.Properties$LineReader.readLine()I @ 62
Event: 3.120 Thread 0x000000000a260000 Uncommon trap: reason=unreached action=reinterpret pc=0x0000000002105798 method=java.lang.Class.searchFields([Ljava/lang/reflect/Field;Ljava/lang/String;)Ljava/lang/reflect/Field; @ 23
Event: 3.583 Thread 0x000000000026e000 Uncommon trap: reason=null_check action=make_not_entrant pc=0x00000000020bea8c method=java.lang.String.equals(Ljava/lang/Object;)Z @ 8
Event: 3.602 Thread 0x000000000026e000 Uncommon trap: reason=unreached action=reinterpret pc=0x00000000020fb7ec method=java.lang.AbstractStringBuilder.append(Ljava/lang/String;)Ljava/lang/AbstractStringBuilder; @ 1
Event: 3.603 Thread 0x000000000026e000 Uncommon trap: reason=unreached action=reinterpret pc=0x00000000020fadac method=java.lang.AbstractStringBuilder.append(Ljava/lang/String;)Ljava/lang/AbstractStringBuilder; @ 1
Event: 4.077 Thread 0x000000000a16e000 Uncommon trap: reason=unreached action=reinterpret pc=0x000000000211bf50 method=java.util.concurrent.locks.AbstractQueuedSynchronizer.release(I)Z @ 14
Event: 4.077 Thread 0x000000000a16e000 Uncommon trap: reason=unreached action=reinterpret pc=0x000000000211c4d8 method=java.util.concurrent.locks.AbstractQueuedSynchronizer.release(I)Z @ 14
Event: 6.528 Thread 0x000000000026e000 Uncommon trap: reason=null_assert action=make_not_entrant pc=0x000000000212081c method=ControlCenter.update(Lcom/leapmotion/leap/Vector;Lcom/leapmotion/leap/Vector;)V @ 78
Event: 6.528 Thread 0x000000000026e000 Uncommon trap: reason=null_assert action=make_not_entrant pc=0x00000000021238ac method=ControlCenter.render()V @ 76
Event: 6.815 Thread 0x000000000a16e000 Uncommon trap: reason=unreached action=reinterpret pc=0x000000000212ad24 method=sun.awt.image.ByteInterleavedRaster.getDataElements(IILjava/lang/Object;)Ljava/lang/Object; @ 43

Internal exceptions (10 events):
Event: 6.586 Thread 0x000000000a16e000 Threw 0x00000000ed27eab0 at C:\re\jdk7u65\1320\hotspot\src\share\vm\prims\jvm.cpp:1244
Event: 6.589 Thread 0x000000000a16e000 Threw 0x00000000ed28aaf0 at C:\re\jdk7u65\1320\hotspot\src\share\vm\prims\jvm.cpp:1244
Event: 6.590 Thread 0x000000000a16e000 Threw 0x00000000ed28d448 at C:\re\jdk7u65\1320\hotspot\src\share\vm\prims\jvm.cpp:1244
Event: 6.592 Thread 0x000000000a16e000 Threw 0x00000000ed298f08 at C:\re\jdk7u65\1320\hotspot\src\share\vm\prims\jvm.cpp:1244
Event: 6.593 Thread 0x000000000a16e000 Threw 0x00000000ed29b6e0 at C:\re\jdk7u65\1320\hotspot\src\share\vm\prims\jvm.cpp:1244
Event: 6.594 Thread 0x000000000a16e000 Threw 0x00000000ed29e4b8 at C:\re\jdk7u65\1320\hotspot\src\share\vm\prims\jvm.cpp:1244
Event: 6.595 Thread 0x000000000a16e000 Threw 0x00000000ed2a4278 at C:\re\jdk7u65\1320\hotspot\src\share\vm\prims\jvm.cpp:1244
Event: 6.597 Thread 0x000000000a16e000 Threw 0x00000000ed2ad688 at C:\re\jdk7u65\1320\hotspot\src\share\vm\prims\jvm.cpp:1244
Event: 6.598 Thread 0x000000000a16e000 Threw 0x00000000ed2af358 at C:\re\jdk7u65\1320\hotspot\src\share\vm\prims\jvm.cpp:1244
Event: 6.815 Thread 0x000000000a16e000 Implicit null exception at 0x000000000212ab76 to 0x000000000212ad09

Events (10 events):
Event: 7.051 Executing VM operation: RevokeBias
Event: 7.051 Executing VM operation: RevokeBias done
Event: 7.051 Executing VM operation: RevokeBias
Event: 7.051 Executing VM operation: RevokeBias done
Event: 7.051 Executing VM operation: RevokeBias
Event: 7.051 Executing VM operation: RevokeBias done
Event: 7.052 Executing VM operation: RevokeBias
Event: 7.052 Executing VM operation: RevokeBias done
Event: 7.150 Thread 0x0000000010495800 Thread added: 0x0000000010495800
Event: 7.150 Thread 0x0000000010495800 Thread exited: 0x0000000010495800


Dynamic libraries:
0x000000013fa60000 - 0x000000013fa93000 	C:\Program Files\Java\jre7\bin\javaw.exe
0x0000000077030000 - 0x00000000771d9000 	C:\Windows\SYSTEM32\ntdll.dll
0x0000000076f10000 - 0x000000007702f000 	C:\Windows\system32\kernel32.dll
0x000007fefcff0000 - 0x000007fefd05c000 	C:\Windows\system32\KERNELBASE.dll
0x000007fefd2e0000 - 0x000007fefd3bb000 	C:\Windows\system32\ADVAPI32.dll
0x000007fefd4e0000 - 0x000007fefd57f000 	C:\Windows\system32\msvcrt.dll
0x000007fefd910000 - 0x000007fefd92f000 	C:\Windows\SYSTEM32\sechost.dll
0x000007fefd580000 - 0x000007fefd6ad000 	C:\Windows\system32\RPCRT4.dll
0x0000000076e10000 - 0x0000000076f0a000 	C:\Windows\system32\USER32.dll
0x000007fefdf70000 - 0x000007fefdfd7000 	C:\Windows\system32\GDI32.dll
0x000007feff330000 - 0x000007feff33e000 	C:\Windows\system32\LPK.dll
0x000007fefd410000 - 0x000007fefd4d9000 	C:\Windows\system32\USP10.dll
0x000007fefb730000 - 0x000007fefb924000 	C:\Windows\WinSxS\amd64_microsoft.windows.common-controls_6595b64144ccf1df_6.0.7601.17514_none_fa396087175ac9ac\COMCTL32.dll
0x000007fefd6b0000 - 0x000007fefd721000 	C:\Windows\system32\SHLWAPI.dll
0x000007feff190000 - 0x000007feff1be000 	C:\Windows\system32\IMM32.DLL
0x000007fefee40000 - 0x000007fefef49000 	C:\Windows\system32\MSCTF.dll
0x0000000073070000 - 0x0000000073142000 	C:\Program Files\Java\jre7\bin\msvcr100.dll
0x0000000072640000 - 0x0000000072e12000 	C:\Program Files\Java\jre7\bin\server\jvm.dll
0x000007fef4450000 - 0x000007fef4459000 	C:\Windows\system32\WSOCK32.dll
0x000007fefd3c0000 - 0x000007fefd40d000 	C:\Windows\system32\WS2_32.dll
0x000007fefee30000 - 0x000007fefee38000 	C:\Windows\system32\NSI.dll
0x000007fef99b0000 - 0x000007fef99eb000 	C:\Windows\system32\WINMM.dll
0x0000000077200000 - 0x0000000077207000 	C:\Windows\system32\PSAPI.DLL
0x0000000073b70000 - 0x0000000073b7f000 	C:\Program Files\Java\jre7\bin\verify.dll
0x00000000732d0000 - 0x00000000732f8000 	C:\Program Files\Java\jre7\bin\java.dll
0x00000000737a0000 - 0x00000000737b5000 	C:\Program Files\Java\jre7\bin\zip.dll
0x000007fefc820000 - 0x000007fefc837000 	C:\Windows\system32\CRYPTSP.dll
0x000007fefc340000 - 0x000007fefc387000 	C:\Windows\system32\rsaenh.dll
0x000007fefd060000 - 0x000007fefd07e000 	C:\Windows\system32\USERENV.dll
0x000007fefce50000 - 0x000007fefce5f000 	C:\Windows\system32\profapi.dll
0x000007fefcca0000 - 0x000007fefccaf000 	C:\Windows\system32\CRYPTBASE.dll
0x0000000073720000 - 0x0000000073739000 	C:\Program Files\Java\jre7\bin\net.dll
0x000007fefc5a0000 - 0x000007fefc5f5000 	C:\Windows\system32\mswsock.dll
0x000007fefc770000 - 0x000007fefc777000 	C:\Windows\System32\wship6.dll
0x000007fef8af0000 - 0x000007fef8b17000 	C:\Windows\system32\IPHLPAPI.DLL
0x000007fef8ae0000 - 0x000007fef8aeb000 	C:\Windows\system32\WINNSI.DLL
0x000007fef88e0000 - 0x000007fef88f1000 	C:\Windows\system32\dhcpcsvc6.DLL
0x000007fef88a0000 - 0x000007fef88b8000 	C:\Windows\system32\dhcpcsvc.DLL
0x00000000732b0000 - 0x00000000732c1000 	C:\Program Files\Java\jre7\bin\nio.dll
0x00000000637c0000 - 0x00000000637cd000 	C:\Users\Garrett\AppData\Local\Temp\jogamp_0000\file_cache\jln5300045084167005387\jln3064823462164464900\gluegen-rt.dll
0x000000005fab0000 - 0x000000005fc45000 	C:\Program Files\Java\jre7\bin\awt.dll
0x000007fefd200000 - 0x000007fefd2d7000 	C:\Windows\system32\OLEAUT32.dll
0x000007fefdce0000 - 0x000007fefdee3000 	C:\Windows\system32\ole32.dll
0x000007fefb550000 - 0x000007fefb5a6000 	C:\Windows\system32\uxtheme.dll
0x000007fefb120000 - 0x000007fefb138000 	C:\Windows\system32\dwmapi.dll
0x000000006dab0000 - 0x000000006dab7000 	C:\Program Files\Java\jre7\bin\jawt.dll
0x000000006a440000 - 0x000000006a44d000 	C:\Users\Garrett\AppData\Local\Temp\jogamp_0000\file_cache\jln5300045084167005387\jln3064823462164464900\nativewindow_awt.dll
0x000007fefe0a0000 - 0x000007fefee28000 	C:\Windows\system32\SHELL32.dll
0x000000006c100000 - 0x000000006c10f000 	C:\Users\Garrett\AppData\Local\Temp\jogamp_0000\file_cache\jln5300045084167005387\jln3064823462164464900\nativewindow_win32.dll
0x000007fef3740000 - 0x000007fef385d000 	C:\Windows\system32\OpenGL32.dll
0x000007fef9cc0000 - 0x000007fef9ced000 	C:\Windows\system32\GLU32.dll
0x000007fef5770000 - 0x000007fef5861000 	C:\Windows\system32\DDRAW.dll
0x000007fefa670000 - 0x000007fefa678000 	C:\Windows\system32\DCIMAN32.dll
0x000007fefd730000 - 0x000007fefd907000 	C:\Windows\system32\SETUPAPI.dll
0x000007fefcf00000 - 0x000007fefcf36000 	C:\Windows\system32\CFGMGR32.dll
0x000007fefce80000 - 0x000007fefce9a000 	C:\Windows\system32\DEVOBJ.dll
0x0000000064500000 - 0x00000000645a0000 	C:\Users\Garrett\AppData\Local\Temp\jogamp_0000\file_cache\jln5300045084167005387\jln3064823462164464900\jogl_desktop.dll
0x0000000180000000 - 0x00000001811ed000 	C:\Windows\system32\ig4icd64.dll
0x0000000061270000 - 0x00000000612b7000 	C:\Program Files\Java\jre7\bin\fontmanager.dll
0x0000000062ca0000 - 0x0000000062ce1000 	C:\Program Files\Java\jre7\bin\t2k.dll
0x000007fefd990000 - 0x000007fefda29000 	C:\Windows\system32\CLBCatQ.DLL
0x000007fefaf70000 - 0x000007fefb0d1000 	C:\Windows\system32\WindowsCodecs.dll
0x000007fefcc40000 - 0x000007fefcc97000 	C:\Windows\system32\apphelp.dll
0x000007fef4d00000 - 0x000007fef4d2b000 	C:\Users\Garrett\AppData\Roaming\Dropbox\bin\DropboxExt64.24.dll
0x000007fef9270000 - 0x000007fef9395000 	C:\Windows\system32\dbghelp.dll
0x000000006f0f0000 - 0x000000006f1c3000 	C:\Windows\WinSxS\amd64_microsoft.vc90.crt_1fc8b3b9a1e18e3b_9.0.30729.6161_none_08e61857a83bc251\MSVCP90.dll
0x000000006f040000 - 0x000000006f0e3000 	C:\Windows\WinSxS\amd64_microsoft.vc90.crt_1fc8b3b9a1e18e3b_9.0.30729.6161_none_08e61857a83bc251\MSVCR90.dll
0x000007fef4cc0000 - 0x000007fef4cf5000 	C:\Windows\system32\EhStorShell.dll
0x000007fefb5b0000 - 0x000007fefb6dc000 	C:\Windows\system32\PROPSYS.dll
0x000007fef4c40000 - 0x000007fef4cc0000 	C:\Windows\system32\ntshrui.dll
0x000007fefcb10000 - 0x000007fefcb33000 	C:\Windows\system32\srvcli.dll
0x000007fef79e0000 - 0x000007fef79ef000 	C:\Windows\system32\cscapi.dll
0x000007fef97c0000 - 0x000007fef97cb000 	C:\Windows\system32\slc.dll
0x000007fefa130000 - 0x000007fefa15a000 	C:\Users\Garrett\Desktop\Thesis\LeapSDK\lib\x64\LeapJava.dll
0x000007fef2fa0000 - 0x000007fef3046000 	C:\Users\Garrett\Desktop\Thesis\workspace\Leap_Keyboard\MSVCP120.dll
0x000007fef2eb0000 - 0x000007fef2f9f000 	C:\Users\Garrett\Desktop\Thesis\workspace\Leap_Keyboard\MSVCR120.dll
0x000007feef170000 - 0x000007feef37a000 	C:\Users\Garrett\Desktop\Thesis\LeapSDK\lib\x64\Leap.dll
0x000007fefbfb0000 - 0x000007fefbfb7000 	C:\Windows\System32\wshtcpip.dll

VM Arguments:
jvm_args: -Dfile.encoding=Cp1252 
java_command: Main
Launcher Type: SUN_STANDARD

Environment Variables:
PATH=C:\Program Files\Broadcom\Broadcom 802.11\Driver;C:\Program Files\Common Files\Microsoft Shared\Windows Live;C:\Program Files (x86)\Common Files\Microsoft Shared\Windows Live;C:\Windows\system32;C:\Windows;C:\Windows\System32\Wbem;C:\Windows\System32\WindowsPowerShell\v1.0\;C:\Program Files (x86)\Windows Live\Shared;C:\Program Files\WIDCOMM\Bluetooth Software\;C:\Program Files\WIDCOMM\Bluetooth Software\syswow64;C:\Program Files (x86)\Graphviz 2.28\bin;C:\Program Files\Microsoft\Web Platform Installer\;c:\Program Files (x86)\Microsoft SQL Server\100\Tools\Binn\;c:\Program Files\Microsoft SQL Server\100\Tools\Binn\;c:\Program Files\Microsoft SQL Server\100\DTS\Binn\;C:\Program Files (x86)\Microsoft ASP.NET\ASP.NET Web Pages\v1.0\;C:\Program Files\Microsoft SQL Server\110\Tools\Binn\;c:\Program Files (x86)\Microsoft SQL Server\100\Tools\Binn\VSShell\Common7\IDE\;c:\Program Files (x86)\Microsoft SQL Server\100\DTS\Binn\;C:\Program Files\MiKTeX 2.9\miktex\bin\x64\;C:\Program Files\Java\jdk1.7.0_13\bin;C:\Users\Garrett\Desktop\Thesis\LeapSDK\lib\x64;C:\RailsInstaller\Git\cmd;C:\RailsInstaller\Ruby1.9.3\bin
USERNAME=Garrett
OS=Windows_NT
PROCESSOR_IDENTIFIER=Intel64 Family 6 Model 37 Stepping 5, GenuineIntel



---------------  S Y S T E M  ---------------

OS: Windows 7 , 64 bit Build 7601 Service Pack 1

CPU:total 4 (2 cores per cpu, 2 threads per core) family 6 model 37 stepping 5, cmov, cx8, fxsr, mmx, sse, sse2, sse3, ssse3, sse4.1, sse4.2, popcnt, ht, tsc, tscinvbit

Memory: 4k page, physical 3987312k(1255796k free), swap 7972760k(4391580k free)

vm_info: Java HotSpot(TM) 64-Bit Server VM (24.65-b04) for windows-amd64 JRE (1.7.0_65-b20), built on Jul 11 2014 00:39:37 by "java_re" with unknown MS VC++:1600

time: Tue Aug 26 04:14:43 2014
elapsed time: 7 seconds

